$ dasgoclient --query="dataset dataset=/TT*Semi*/RunIISummer16NanoAODv5*/NANOAODSIM"
/TTToSemiLeptonic_TuneCP5_PSweights_13TeV-powheg-pythia8/RunIISummer16NanoAODv5-PUMoriond17_Nano1June2019_102X_mcRun2_asymptotic_v7-v1/NANOAODSIM
/TTToSemilepton_TuneCUETP8M2_ttHtranche3_13TeV-powheg-pythia8/RunIISummer16NanoAODv5-PUMoriond17_Nano1June2019_102X_mcRun2_asymptotic_v7-v1/NANOAODSIM
/TTToSemilepton_ttbbFilter_TuneCUETP8M2_ttHtranche3_13TeV-powheg-pythia8/RunIISummer16NanoAODv5-PUMoriond17_Nano1June2019_TTbbWithttHFGenFilter_102X_mcRun2_asymptotic_v7-v1/NANOAODSIM

$ dasgoclient --query="dataset dataset=/TTTo2L*/RunIISummer16NanoAODv5*/NANOAODSIM"
/TTTo2L2Nu_TuneCP5_PSweights_13TeV-powheg-pythia8/RunIISummer16NanoAODv5-PUMoriond17_Nano1June2019_102X_mcRun2_asymptotic_v7-v1/NANOAODSIM
/TTTo2L2Nu_TuneCUETP8M2_ttHtranche3_13TeV-powheg-pythia8/RunIISummer16NanoAODv5-PUMoriond17_Nano1June2019_102X_mcRun2_asymptotic_v7-v1/NANOAODSIM
/TTTo2L2Nu_noSC_TuneCUETP8M2T4_13TeV-powheg-pythia8/RunIISummer16NanoAODv5-PUMoriond17_Nano1June2019_102X_mcRun2_asymptotic_v7-v1/NANOAODSIM
/TTTo2L2Nu_noSC_TuneCUETP8M2T4_13TeV-powheg-pythia8/RunIISummer16NanoAODv5-PUMoriond17_Nano1June2019_102X_mcRun2_asymptotic_v7_ext1-v1/NANOAODSIM
/TTTo2L2Nu_ttbbFilter_TuneCUETP8M2_ttHtranche3_13TeV-powheg-pythia8/RunIISummer16NanoAODv5-PUMoriond17_Nano1June2019_TTbbWithttHFGenFilter_102X_mcRun2_asymptotic_v7-v1/NANOAODSIM

$ dasgoclient --query="dataset dataset=/TTG*/RunIISummer16NanoAODv5*/NANOAODSIM"
/TTGG_0Jets_TuneCUETP8M1_13TeV_amcatnlo_madspin_pythia8/RunIISummer16NanoAODv5-PUMoriond17_Nano1June2019_102X_mcRun2_asymptotic_v7-v1/NANOAODSIM
/TTGJets_TuneCUETP8M1_13TeV-amcatnloFXFX-madspin-pythia8/RunIISummer16NanoAODv5-PUMoriond17_Nano1June2019_102X_mcRun2_asymptotic_v7-v1/NANOAODSIM
/TTGJets_TuneCUETP8M1_13TeV-amcatnloFXFX-madspin-pythia8/RunIISummer16NanoAODv5-PUMoriond17_Nano1June2019_102X_mcRun2_asymptotic_v7_ext1-v1/NANOAODSIM
/TTGamma_Dilept_TuneCP5Down_PSweights_13TeV-madgraph-pythia8/RunIISummer16NanoAODv5-PUMoriond17_Nano1June2019_102X_mcRun2_asymptotic_v7-v1/NANOAODSIM
/TTGamma_Dilept_TuneCP5Up_PSweights_13TeV-madgraph-pythia8/RunIISummer16NanoAODv5-PUMoriond17_Nano1June2019_102X_mcRun2_asymptotic_v7-v1/NANOAODSIM
/TTGamma_Dilept_TuneCP5_PSweights_13TeV-madgraph-pythia8/RunIISummer16NanoAODv5-PUMoriond17_Nano1June2019_102X_mcRun2_asymptotic_v7-v1/NANOAODSIM
/TTGamma_Dilept_TuneCP5_erdON_PSweights_13TeV-madgraph-pythia8/RunIISummer16NanoAODv5-PUMoriond17_Nano1June2019_102X_mcRun2_asymptotic_v7-v1/NANOAODSIM
/TTGamma_Dilept_TuneCUETP8M2T4_13TeV-amcatnlo-pythia8/RunIISummer16NanoAODv5-PUMoriond17_Nano1June2019_102X_mcRun2_asymptotic_v7-v1/NANOAODSIM
/TTGamma_Dilept_ptGamma100-200_TuneCP5_PSweights_13TeV-madgraph-pythia8/RunIISummer16NanoAODv5-PUMoriond17_Nano1June2019_102X_mcRun2_asymptotic_v7-v1/NANOAODSIM
/TTGamma_Dilept_ptGamma200inf_TuneCP5_PSweights_13TeV-madgraph-pythia8/RunIISummer16NanoAODv5-PUMoriond17_Nano1June2019_102X_mcRun2_asymptotic_v7-v1/NANOAODSIM
/TTGamma_Hadronic_TuneCP5_PSweights_13TeV-madgraph-pythia8/RunIISummer16NanoAODv5-PUMoriond17_Nano1June2019_102X_mcRun2_asymptotic_v7-v1/NANOAODSIM
/TTGamma_Hadronic_TuneCUETP8M2T4_13TeV-amcatnlo-pythia8/RunIISummer16NanoAODv5-PUMoriond17_Nano1June2019_102X_mcRun2_asymptotic_v7-v1/NANOAODSIM
/TTGamma_Hadronic_ptGamma200inf_TuneCP5_PSweights_13TeV-madgraph-pythia8/RunIISummer16NanoAODv5-PUMoriond17_Nano1June2019_102X_mcRun2_asymptotic_v7-v1/NANOAODSIM
/TTGamma_SingleLeptFromT_TuneCUETP8M2T4_13TeV-amcatnlo-fsrdown-pythia8-pythia8/RunIISummer16NanoAODv5-PUMoriond17_Nano1June2019_102X_mcRun2_asymptotic_v7-v1/NANOAODSIM
/TTGamma_SingleLeptFromT_TuneCUETP8M2T4_13TeV-amcatnlo-fsrup-pythia8-pythia8/RunIISummer16NanoAODv5-PUMoriond17_Nano1June2019_102X_mcRun2_asymptotic_v7-v1/NANOAODSIM
/TTGamma_SingleLeptFromT_TuneCUETP8M2T4_13TeV-amcatnlo-isrdown-pythia8-pythia8/RunIISummer16NanoAODv5-PUMoriond17_Nano1June2019_102X_mcRun2_asymptotic_v7-v1/NANOAODSIM
/TTGamma_SingleLeptFromT_TuneCUETP8M2T4_13TeV-amcatnlo-isrup-pythia8-pythia8/RunIISummer16NanoAODv5-PUMoriond17_Nano1June2019_102X_mcRun2_asymptotic_v7-v1/NANOAODSIM
/TTGamma_SingleLeptFromT_TuneCUETP8M2T4_13TeV-amcatnlo-pythia8/RunIISummer16NanoAODv5-PUMoriond17_Nano1June2019_102X_mcRun2_asymptotic_v7-v1/NANOAODSIM
/TTGamma_SingleLeptFromTbar_TuneCUETP8M2T4_13TeV-amcatnlo-fsrdown-pythia8-pythia8/RunIISummer16NanoAODv5-PUMoriond17_Nano1June2019_102X_mcRun2_asymptotic_v7-v1/NANOAODSIM
/TTGamma_SingleLeptFromTbar_TuneCUETP8M2T4_13TeV-amcatnlo-isrdown-pythia8-pythia8/RunIISummer16NanoAODv5-PUMoriond17_Nano1June2019_102X_mcRun2_asymptotic_v7-v1/NANOAODSIM
/TTGamma_SingleLeptFromTbar_TuneCUETP8M2T4_13TeV-amcatnlo-isrup-pythia8-pythia8/RunIISummer16NanoAODv5-PUMoriond17_Nano1June2019_102X_mcRun2_asymptotic_v7-v1/NANOAODSIM
/TTGamma_SingleLeptFromTbar_TuneCUETP8M2T4_13TeV-amcatnlo-pythia8/RunIISummer16NanoAODv5-PUMoriond17_Nano1June2019_102X_mcRun2_asymptotic_v7-v1/NANOAODSIM
/TTGamma_SingleLept_TuneCP5Down_PSweights_13TeV-madgraph-pythia8/RunIISummer16NanoAODv5-PUMoriond17_Nano1June2019_102X_mcRun2_asymptotic_v7-v1/NANOAODSIM
/TTGamma_SingleLept_TuneCP5Up_PSweights_13TeV-madgraph-pythia8/RunIISummer16NanoAODv5-PUMoriond17_Nano1June2019_102X_mcRun2_asymptotic_v7-v1/NANOAODSIM
/TTGamma_SingleLept_TuneCP5_PSweights_13TeV-madgraph-pythia8/RunIISummer16NanoAODv5-PUMoriond17_Nano1June2019_102X_mcRun2_asymptotic_v7-v1/NANOAODSIM
/TTGamma_SingleLept_TuneCP5_erdON_PSweights_13TeV-madgraph-pythia8/RunIISummer16NanoAODv5-PUMoriond17_Nano1June2019_102X_mcRun2_asymptotic_v7-v1/NANOAODSIM
/TTGamma_SingleLept_ptGamma100-200_TuneCP5_PSweights_13TeV-madgraph-pythia8/RunIISummer16NanoAODv5-PUMoriond17_Nano1June2019_102X_mcRun2_asymptotic_v7-v1/NANOAODSIM
/TTGamma_SingleLept_ptGamma200inf_TuneCP5_PSweights_13TeV-madgraph-pythia8/RunIISummer16NanoAODv5-PUMoriond17_Nano1June2019_102X_mcRun2_asymptotic_v7-v1/NANOAODSIM

$ dasgoclient --query="dataset dataset=/ZGToLLG*/RunIISummer16NanoAODv5*/NANOAODSIM"
/ZGToLLG_01J_5f_TuneCUETP8M1_13TeV-amcatnloFXFX-pythia8/RunIISummer16NanoAODv5-PUMoriond17_Nano1June2019_102X_mcRun2_asymptotic_v7-v1/NANOAODSIM
/ZGToLLG_01J_5f_lowMLL_TuneCUETP8M1_13TeV-amcatnloFXFX-pythia8/RunIISummer16NanoAODv5-PUMoriond17_Nano1June2019_102X_mcRun2_asymptotic_v7-v2/NANOAODSIM
/ZGToLLG_01J_LoosePtlPtg_5f_TuneCUETP8M1_13TeV-amcatnloFXFX-pythia8/RunIISummer16NanoAODv5-PUMoriond17_Nano1June2019_102X_mcRun2_asymptotic_v7-v1/NANOAODSIM

$ dasgoclient --query="dataset dataset=/WGToLNuG*/RunIISummer16NanoAODv5*/NANOAODSIM"
/WGToLNuG_01J_5f_TuneCUETP8M1_13TeV-amcatnloFXFX-pythia8/RunIISummer16NanoAODv5-PUMoriond17_Nano1June2019_102X_mcRun2_asymptotic_v7-v1/NANOAODSIM
/WGToLNuG_PtG-130_TuneCUETP8M1_13TeV-amcatnloFXFX-pythia8/RunIISummer16NanoAODv5-PUMoriond17_Nano1June2019_102X_mcRun2_asymptotic_v7-v1/NANOAODSIM
/WGToLNuG_PtG-130_TuneCUETP8M1_13TeV-madgraphMLM-pythia8/RunIISummer16NanoAODv5-PUMoriond17_Nano1June2019_102X_mcRun2_asymptotic_v7-v1/NANOAODSIM
/WGToLNuG_PtG-500_TuneCUETP8M1_13TeV-madgraphMLM-pythia8/RunIISummer16NanoAODv5-PUMoriond17_Nano1June2019_102X_mcRun2_asymptotic_v7-v1/NANOAODSIM
/WGToLNuG_TuneCUETP8M1_13TeV-amcatnloFXFX-pythia8/RunIISummer16NanoAODv5-PUMoriond17_Nano1June2019_102X_mcRun2_asymptotic_v7_ext1-v1/NANOAODSIM
/WGToLNuG_TuneCUETP8M1_13TeV-amcatnloFXFX-pythia8/RunIISummer16NanoAODv5-PUMoriond17_Nano1June2019_102X_mcRun2_asymptotic_v7_ext2-v1/NANOAODSIM
/WGToLNuG_TuneCUETP8M1_13TeV-amcatnloFXFX-pythia8/RunIISummer16NanoAODv5-PUMoriond17_Nano1June2019_102X_mcRun2_asymptotic_v7_ext3-v1/NANOAODSIM
/WGToLNuG_TuneCUETP8M1_13TeV-madgraphMLM-pythia8/RunIISummer16NanoAODv5-PUMoriond17_Nano1June2019_102X_mcRun2_asymptotic_v7-v1/NANOAODSIM


cat > ds
/TTToSemiLeptonic_TuneCP5_PSweights_13TeV-powheg-pythia8/RunIISummer16NanoAODv5-PUMoriond17_Nano1June2019_102X_mcRun2_asymptotic_v7-v1/NANOAODSIM
/TTTo2L2Nu_TuneCP5_PSweights_13TeV-powheg-pythia8/RunIISummer16NanoAODv5-PUMoriond17_Nano1June2019_102X_mcRun2_asymptotic_v7-v1/NANOAODSIM
/TTGamma_Dilept_TuneCP5_PSweights_13TeV-madgraph-pythia8/RunIISummer16NanoAODv5-PUMoriond17_Nano1June2019_102X_mcRun2_asymptotic_v7-v1/NANOAODSIM
/TTGamma_SingleLept_TuneCP5_PSweights_13TeV-madgraph-pythia8/RunIISummer16NanoAODv5-PUMoriond17_Nano1June2019_102X_mcRun2_asymptotic_v7-v1/NANOAODSIM
/ZGToLLG_01J_5f_TuneCUETP8M1_13TeV-amcatnloFXFX-pythia8/RunIISummer16NanoAODv5-PUMoriond17_Nano1June2019_102X_mcRun2_asymptotic_v7-v1/NANOAODSIM
/WGToLNuG_01J_5f_TuneCUETP8M1_13TeV-amcatnloFXFX-pythia8/RunIISummer16NanoAODv5-PUMoriond17_Nano1June2019_102X_mcRun2_asymptotic_v7-v1/NANOAODSIM

$ cat ds |while read ds; do dasgoclient --query="file dataset=$ds"|head -n 2; done
/store/mc/RunIISummer16NanoAODv5/TTToSemiLeptonic_TuneCP5_PSweights_13TeV-powheg-pythia8/NANOAODSIM/PUMoriond17_Nano1June2019_102X_mcRun2_asymptotic_v7-v1/40000/C2310FD3-CD8B-5348-9C6F-8E8264980025.root
/store/mc/RunIISummer16NanoAODv5/TTToSemiLeptonic_TuneCP5_PSweights_13TeV-powheg-pythia8/NANOAODSIM/PUMoriond17_Nano1June2019_102X_mcRun2_asymptotic_v7-v1/40000/0E189825-DD1F-6049-803F-BBF24485FC25.root
/store/mc/RunIISummer16NanoAODv5/TTTo2L2Nu_TuneCP5_PSweights_13TeV-powheg-pythia8/NANOAODSIM/PUMoriond17_Nano1June2019_102X_mcRun2_asymptotic_v7-v1/250000/56E2714C-52AA-0648-A188-1A04E0C8D27F.root
/store/mc/RunIISummer16NanoAODv5/TTTo2L2Nu_TuneCP5_PSweights_13TeV-powheg-pythia8/NANOAODSIM/PUMoriond17_Nano1June2019_102X_mcRun2_asymptotic_v7-v1/40000/12A33731-AEEC-E04C-9796-96E812C0DAAF.root
/store/mc/RunIISummer16NanoAODv5/TTGamma_Dilept_TuneCP5_PSweights_13TeV-madgraph-pythia8/NANOAODSIM/PUMoriond17_Nano1June2019_102X_mcRun2_asymptotic_v7-v1/260000/7F25A549-0795-0340-9CDF-C06D48F334A2.root
/store/mc/RunIISummer16NanoAODv5/TTGamma_Dilept_TuneCP5_PSweights_13TeV-madgraph-pythia8/NANOAODSIM/PUMoriond17_Nano1June2019_102X_mcRun2_asymptotic_v7-v1/270000/22A545DF-3B02-3542-90E7-326354393D85.root
/store/mc/RunIISummer16NanoAODv5/TTGamma_SingleLept_TuneCP5_PSweights_13TeV-madgraph-pythia8/NANOAODSIM/PUMoriond17_Nano1June2019_102X_mcRun2_asymptotic_v7-v1/240000/E9BFCBA2-4866-2D4E-8A5D-E40BF40904A3.root
/store/mc/RunIISummer16NanoAODv5/TTGamma_SingleLept_TuneCP5_PSweights_13TeV-madgraph-pythia8/NANOAODSIM/PUMoriond17_Nano1June2019_102X_mcRun2_asymptotic_v7-v1/240000/9A5410E7-6410-B24E-9F19-146CE75002B0.root
/store/mc/RunIISummer16NanoAODv5/ZGToLLG_01J_5f_TuneCUETP8M1_13TeV-amcatnloFXFX-pythia8/NANOAODSIM/PUMoriond17_Nano1June2019_102X_mcRun2_asymptotic_v7-v1/270000/E3D21353-C744-3748-A69E-804C6C270376.root
/store/mc/RunIISummer16NanoAODv5/ZGToLLG_01J_5f_TuneCUETP8M1_13TeV-amcatnloFXFX-pythia8/NANOAODSIM/PUMoriond17_Nano1June2019_102X_mcRun2_asymptotic_v7-v1/270000/521E22BD-F5CB-2E49-BDDA-8FA24BC16239.root
/store/mc/RunIISummer16NanoAODv5/WGToLNuG_01J_5f_TuneCUETP8M1_13TeV-amcatnloFXFX-pythia8/NANOAODSIM/PUMoriond17_Nano1June2019_102X_mcRun2_asymptotic_v7-v1/100000/0B66CFC1-9468-CB4D-8C47-62282EE3981B.root
/store/mc/RunIISummer16NanoAODv5/WGToLNuG_01J_5f_TuneCUETP8M1_13TeV-amcatnloFXFX-pythia8/NANOAODSIM/PUMoriond17_Nano1June2019_102X_mcRun2_asymptotic_v7-v1/100000/A8FAC162-1469-CD47-909D-93CC8C5ED5EF.root
